{"D:\\Program Files (x86)\\GitHub\\DemoProjects\\TypescriptTestin\\index.ts": {"path":"D:\\Program Files (x86)\\GitHub\\DemoProjects\\TypescriptTestin\\index.ts","statementMap":{"0":{"start":{"line":12,"column":4},"end":{"line":12,"column":15}},"1":{"start":{"line":15,"column":0},"end":{"line":15,"column":21}}},"fnMap":{"0":{"name":"add","decl":{"start":{"line":11,"column":9},"end":{"line":11,"column":12}},"loc":{"start":{"line":11,"column":41},"end":{"line":13,"column":1}},"line":11}},"branchMap":{},"s":{"0":1,"1":1},"f":{"0":1},"b":{},"_coverageSchema":"1a1c01bbd47fc00a2c39e90264f33305004495a9","hash":"2088cc390151dfdfab4c60cf31a91a15f5305c83"}
,"D:\\Program Files (x86)\\GitHub\\DemoProjects\\TypescriptTestin\\sum.js": {"path":"D:\\Program Files (x86)\\GitHub\\DemoProjects\\TypescriptTestin\\sum.js","statementMap":{"0":{"start":{"line":2,"column":4},"end":{"line":2,"column":15}},"1":{"start":{"line":4,"column":0},"end":{"line":4,"column":21}}},"fnMap":{"0":{"name":"sum","decl":{"start":{"line":1,"column":9},"end":{"line":1,"column":12}},"loc":{"start":{"line":1,"column":18},"end":{"line":3,"column":1}},"line":1}},"branchMap":{},"s":{"0":1,"1":1},"f":{"0":1},"b":{},"_coverageSchema":"1a1c01bbd47fc00a2c39e90264f33305004495a9","hash":"fbf6e357c7657d9d72c789205963e66bd3689a3e"}
}
